#
# There is insufficient memory for the Java Runtime Environment to continue.
# Native memory allocation (mmap) failed to map 67108864 bytes for G1 virtual space
# Possible reasons:
#   The system is out of physical RAM or swap space
#   The process is running with CompressedOops enabled, and the Java Heap may be blocking the growth of the native heap
# Possible solutions:
#   Reduce memory load on the system
#   Increase physical memory or swap space
#   Check if swap backing store is full
#   Decrease Java heap size (-Xmx/-Xms)
#   Decrease number of Java threads
#   Decrease Java thread stack sizes (-Xss)
#   Set larger code cache with -XX:ReservedCodeCacheSize=
#   JVM is running with Unscaled Compressed Oops mode in which the Java heap is
#     placed in the first 4GB address space. The Java Heap base address is the
#     maximum limit for the native heap growth. Please use -XX:HeapBaseMinAddress
#     to set the Java Heap base and to place the Java Heap above 4GB virtual address.
# This output file may be truncated or incomplete.
#
#  Out of Memory Error (os_windows.cpp:3528), pid=7860, tid=20348
#
# JRE version:  (20.0.1+9) (build )
# Java VM: Java HotSpot(TM) 64-Bit Server VM (20.0.1+9-29, mixed mode, sharing, tiered, compressed oops, compressed class ptrs, g1 gc, windows-amd64)
# No core dump will be written. Minidumps are not enabled by default on client versions of Windows
#

---------------  S U M M A R Y ------------

Command Line: -Dfile.encoding=UTF-8 --module-path=C:\Users\hp\Documents\NetBeansProjects\BankSystem\build\classes banksystem.Statement

Host: Intel(R) Pentium(R) CPU 4417U @ 2.30GHz, 4 cores, 3G,  Windows 11 , 64 bit Build 22621 (10.0.22621.1485)
Time: Wed May  3 18:37:04 2023 India Standard Time elapsed time: 0.036118 seconds (0d 0h 0m 0s)

---------------  T H R E A D  ---------------

Current thread (0x0000027519ae5c90):  JavaThread "Unknown thread" [_thread_in_vm, id=20348, stack(0x000000c364600000,0x000000c364700000)]

Stack: [0x000000c364600000,0x000000c364700000]
Native frames: (J=compiled Java code, j=interpreted, Vv=VM code, C=native code)
V  [jvm.dll+0x6bb95a]
V  [jvm.dll+0x8485fa]
V  [jvm.dll+0x84a1f5]
V  [jvm.dll+0x84a8f3]
V  [jvm.dll+0x280b0f]
V  [jvm.dll+0x6b86e9]
V  [jvm.dll+0x6ad2da]
V  [jvm.dll+0x35adf5]
V  [jvm.dll+0x363016]
V  [jvm.dll+0x3b3b3e]
V  [jvm.dll+0x3b3dc5]
V  [jvm.dll+0x32b50a]
V  [jvm.dll+0x32c32b]
V  [jvm.dll+0x8112bf]
V  [jvm.dll+0x3c0d91]
V  [jvm.dll+0x7fcfe3]
V  [jvm.dll+0x44c76f]
V  [jvm.dll+0x44e0e1]
C  [jli.dll+0x5287]
C  [ucrtbase.dll+0x29363]
C  [KERNEL32.DLL+0x1269d]
C  [ntdll.dll+0x5a9f8]


---------------  P R O C E S S  ---------------

Threads class SMR info:
_java_thread_list=0x00007ffccfd0a098, length=0, elements={
}

Java Threads: ( => current thread )

Other Threads:
  0x0000027519b286f0 WorkerThread "GC Thread#0" [stack: 0x000000c364700000,0x000000c364800000] [id=18548]
  0x0000027519b31380 ConcurrentGCThread "G1 Main Marker" [stack: 0x000000c364800000,0x000000c364900000] [id=6488]
  0x0000027519b320b0 WorkerThread "G1 Conc#0" [stack: 0x000000c364900000,0x000000c364a00000] [id=4568]

[error occurred during error reporting (printing all threads), id 0xc0000005, EXCEPTION_ACCESS_VIOLATION (0xc0000005) at pc=0x00007ffccf4eeb47]
VM state: not at safepoint (not fully initialized)

VM Mutex/Monitor currently owned by a thread:  ([mutex/lock_event])
[0x0000027519ae2f20] Heap_lock - owner thread: 0x0000027519ae5c90

Heap address: 0x00000000c1800000, size: 1000 MB, Compressed Oops mode: 32-bit

CDS archive(s) mapped at: [0x0000000000000000-0x0000000000000000-0x0000000000000000), size 0, SharedBaseAddress: 0x0000000800000000, ArchiveRelocationMode: 0.
Narrow klass base: 0x0000000000000000, Narrow klass shift: 0, Narrow klass range: 0x0

GC Precious Log:
 CardTable entry size: 512
 Card Set container configuration: InlinePtr #cards 5 size 8 Array Of Cards #cards 12 size 40 Howl #buckets 4 coarsen threshold 1843 Howl Bitmap #cards 512 size 80 coarsen threshold 460 Card regions per heap region 1 cards per card region 2048

Heap:
 garbage-first heap   total 0K, used 0K [0x00000000c1800000, 0x0000000100000000)
  region size 1024K, 0 young (0K), 0 survivors (0K)

[error occurred during error reporting (printing heap information), id 0xc0000005, EXCEPTION_ACCESS_VIOLATION (0xc0000005) at pc=0x00007ffccf8c3c59]
GC Heap History (0 events):
No events

Dll operation events (1 events):
Event: 0.021 Loaded shared library C:\Program Files\Java\jdk-20\bin\java.dll

Deoptimization events (0 events):
No events

Classes loaded (0 events):
No events

Classes unloaded (0 events):
No events

Classes redefined (0 events):
No events

Internal exceptions (0 events):
No events

VM Operations (0 events):
No events

Events (0 events):
No events


Dynamic libraries:
0x00007ff7d4ea0000 - 0x00007ff7d4eb0000 	C:\Program Files\Java\jdk-20\bin\java.exe
0x00007ffd53310000 - 0x00007ffd53524000 	C:\WINDOWS\SYSTEM32\ntdll.dll
0x00007ffd52b60000 - 0x00007ffd52c22000 	C:\WINDOWS\System32\KERNEL32.DLL
0x00007ffd50d80000 - 0x00007ffd5111c000 	C:\WINDOWS\System32\KERNELBASE.dll
0x00007ffd508a0000 - 0x00007ffd509b1000 	C:\WINDOWS\System32\ucrtbase.dll
0x00007ffd4b7e0000 - 0x00007ffd4b7fb000 	C:\Program Files\Java\jdk-20\bin\VCRUNTIME140.dll
0x00007ffd4d4b0000 - 0x00007ffd4d4c9000 	C:\Program Files\Java\jdk-20\bin\jli.dll
0x00007ffd52f80000 - 0x00007ffd5302e000 	C:\WINDOWS\System32\ADVAPI32.dll
0x00007ffd52d40000 - 0x00007ffd52de7000 	C:\WINDOWS\System32\msvcrt.dll
0x00007ffd53030000 - 0x00007ffd530d4000 	C:\WINDOWS\System32\sechost.dll
0x00007ffd51d40000 - 0x00007ffd51e57000 	C:\WINDOWS\System32\RPCRT4.dll
0x00007ffd51e60000 - 0x00007ffd5200b000 	C:\WINDOWS\System32\USER32.dll
0x00007ffd50870000 - 0x00007ffd50896000 	C:\WINDOWS\System32\win32u.dll
0x00007ffd531a0000 - 0x00007ffd531c9000 	C:\WINDOWS\System32\GDI32.dll
0x00007ffd50750000 - 0x00007ffd50863000 	C:\WINDOWS\System32\gdi32full.dll
0x00007ffd509c0000 - 0x00007ffd50a5a000 	C:\WINDOWS\System32\msvcp_win.dll
0x00007ffd39310000 - 0x00007ffd3959e000 	C:\WINDOWS\WinSxS\amd64_microsoft.windows.common-controls_6595b64144ccf1df_6.0.22621.608_none_a9444ca7c10bb01d\COMCTL32.dll
0x00007ffd438e0000 - 0x00007ffd438ea000 	C:\WINDOWS\SYSTEM32\VERSION.dll
0x00007ffd52b20000 - 0x00007ffd52b51000 	C:\WINDOWS\System32\IMM32.DLL
0x00007ffd4b7a0000 - 0x00007ffd4b7ac000 	C:\Program Files\Java\jdk-20\bin\vcruntime140_1.dll
0x00007ffd37680000 - 0x00007ffd3770e000 	C:\Program Files\Java\jdk-20\bin\msvcp140.dll
0x00007ffccf1b0000 - 0x00007ffccfe47000 	C:\Program Files\Java\jdk-20\bin\server\jvm.dll
0x00007ffd489c0000 - 0x00007ffd489c9000 	C:\WINDOWS\SYSTEM32\WSOCK32.dll
0x00007ffd511a0000 - 0x00007ffd51211000 	C:\WINDOWS\System32\WS2_32.dll
0x00007ffd48980000 - 0x00007ffd489b4000 	C:\WINDOWS\SYSTEM32\WINMM.dll
0x00007ffd4f770000 - 0x00007ffd4f788000 	C:\WINDOWS\SYSTEM32\kernel.appcore.dll
0x00007ffd48a00000 - 0x00007ffd48a0a000 	C:\Program Files\Java\jdk-20\bin\jimage.dll
0x00007ffd4e0f0000 - 0x00007ffd4e31e000 	C:\WINDOWS\SYSTEM32\DBGHELP.DLL
0x00007ffd51800000 - 0x00007ffd51b89000 	C:\WINDOWS\System32\combase.dll
0x00007ffd52040000 - 0x00007ffd52117000 	C:\WINDOWS\System32\OLEAUT32.dll
0x00007ffd28030000 - 0x00007ffd28062000 	C:\WINDOWS\SYSTEM32\dbgcore.DLL
0x00007ffd50c90000 - 0x00007ffd50d0b000 	C:\WINDOWS\System32\bcryptPrimitives.dll
0x00007ffd48a40000 - 0x00007ffd48a66000 	C:\Program Files\Java\jdk-20\bin\java.dll

dbghelp: loaded successfully - version: 4.0.5 - missing functions: none
symbol engine: initialized successfully - sym options: 0x614 - pdb path: .;C:\Program Files\Java\jdk-20\bin;C:\WINDOWS\SYSTEM32;C:\WINDOWS\WinSxS\amd64_microsoft.windows.common-controls_6595b64144ccf1df_6.0.22621.608_none_a9444ca7c10bb01d;C:\Program Files\Java\jdk-20\bin\server

VM Arguments:
jvm_args: -Dfile.encoding=UTF-8 --module-path=C:\Users\hp\Documents\NetBeansProjects\BankSystem\build\classes 
java_command: banksystem.Statement
java_class_path (initial): C:\Users\hp\Downloads\jcalendar-1.4\lib\jcalendar-1.4.jar;C:\Users\hp\Downloads\mysql-connector-java-5.1.46\mysql-connector-java-5.1.46.jar;C:\Users\hp\Documents\NetBeansProjects\BankSystem\build\classes
Launcher Type: SUN_STANDARD

[Global flags]
     intx CICompilerCount                          = 3                                         {product} {ergonomic}
     uint ConcGCThreads                            = 1                                         {product} {ergonomic}
     uint G1ConcRefinementThreads                  = 4                                         {product} {ergonomic}
   size_t G1HeapRegionSize                         = 1048576                                   {product} {ergonomic}
    uintx GCDrainStackTargetSize                   = 64                                        {product} {ergonomic}
   size_t InitialHeapSize                          = 67108864                                  {product} {ergonomic}
   size_t MarkStackSize                            = 4194304                                   {product} {ergonomic}
   size_t MaxHeapSize                              = 1048576000                                {product} {ergonomic}
   size_t MinHeapDeltaBytes                        = 1048576                                   {product} {ergonomic}
   size_t MinHeapSize                              = 8388608                                   {product} {ergonomic}
    uintx NonNMethodCodeHeapSize                   = 5832780                                {pd product} {ergonomic}
    uintx NonProfiledCodeHeapSize                  = 122912730                              {pd product} {ergonomic}
    uintx ProfiledCodeHeapSize                     = 122912730                              {pd product} {ergonomic}
    uintx ReservedCodeCacheSize                    = 251658240                              {pd product} {ergonomic}
     bool SegmentedCodeCache                       = true                                      {product} {ergonomic}
   size_t SoftMaxHeapSize                          = 1048576000                             {manageable} {ergonomic}
     bool UseCompressedClassPointers               = true                           {product lp64_product} {ergonomic}
     bool UseCompressedOops                        = true                           {product lp64_product} {ergonomic}
     bool UseG1GC                                  = true                                      {product} {ergonomic}
     bool UseLargePagesIndividualAllocation        = false                                  {pd product} {ergonomic}

Logging:
Log output configuration:
 #0: stdout all=warning uptime,level,tags foldmultilines=false
 #1: stderr all=off uptime,level,tags foldmultilines=false

Environment Variables:
PATH=C:\Program Files\Common Files\Oracle\Java\javapath;C:\WINDOWS\system32;C:\WINDOWS;C:\WINDOWS\System32\Wbem;C:\WINDOWS\System32\WindowsPowerShell\v1.0\;C:\WINDOWS\System32\OpenSSH\;C:\Program Files\Java\jdk-20;C:\Program Files\MySQL\MySQL Shell 8.0\bin\;C:\Users\hp\AppData\Local\Microsoft\WindowsApps;;C:\Program Files\JetBrains\IntelliJ IDEA Community Edition 2023.1.1\bin;
USERNAME=hp
OS=Windows_NT
PROCESSOR_IDENTIFIER=Intel64 Family 6 Model 142 Stepping 10, GenuineIntel
TMP=C:\Users\hp\AppData\Local\Temp
TEMP=C:\Users\hp\AppData\Local\Temp




---------------  S Y S T E M  ---------------

OS:
 Windows 11 , 64 bit Build 22621 (10.0.22621.1485)
OS uptime: 2 days 20:41 hours
Hyper-V role detected

CPU: total 4 (initial active 4) (2 cores per cpu, 2 threads per core) family 6 model 142 stepping 10 microcode 0xf0, cx8, cmov, fxsr, ht, mmx, 3dnowpref, sse, sse2, sse3, ssse3, sse4.1, sse4.2, popcnt, lzcnt, tsc, tscinvbit, aes, erms, clmul, clflush, clflushopt, hv, rdtscp

Memory: 4k page, system-wide physical 3998M (338M free)
TotalPageFile size 16279M (AvailPageFile size 62M)
current process WorkingSet (physical memory assigned to process): 10M, peak: 10M
current process commit charge ("private bytes"): 51M, peak: 115M

vm_info: Java HotSpot(TM) 64-Bit Server VM (20.0.1+9-29) for windows-amd64 JRE (20.0.1+9-29), built on 2023-03-07T13:56:11Z by "mach5one" with MS VC++ 17.1 (VS2022)

END.
